TN:
SF:src/components/atoms/button.tsx
FNF:0
FNH:0
DA:1,1
DA:2,1
DA:3,1
DA:4,1
DA:5,1
DA:6,1
DA:7,1
DA:8,1
DA:9,1
DA:10,1
DA:11,1
DA:12,1
DA:13,1
DA:14,1
DA:15,1
DA:16,1
DA:17,1
DA:18,1
DA:19,1
DA:20,1
DA:21,1
DA:22,1
DA:23,1
DA:24,12
DA:25,0
DA:26,0
DA:27,0
DA:28,0
DA:29,0
DA:30,1
DA:31,12
DA:32,12
DA:33,12
DA:34,12
DA:35,12
DA:36,12
DA:37,12
DA:38,12
DA:39,12
DA:40,12
DA:41,12
DA:42,12
DA:43,12
DA:44,12
DA:45,12
DA:46,12
DA:47,12
DA:48,12
DA:49,12
DA:50,12
DA:51,12
DA:52,12
DA:53,1
DA:54,1
DA:55,12
DA:56,12
DA:57,0
DA:58,0
DA:59,0
DA:60,0
DA:61,0
DA:62,0
DA:63,0
DA:64,12
DA:65,12
DA:66,12
DA:67,0
DA:68,0
DA:69,0
DA:70,0
DA:71,0
DA:72,0
DA:73,0
DA:74,0
DA:75,12
DA:76,12
DA:77,12
DA:78,12
DA:79,12
DA:80,12
DA:81,12
DA:82,12
DA:83,12
DA:84,12
DA:85,12
DA:86,12
DA:87,12
DA:88,1
DA:89,1
DA:90,1
LF:90
LH:70
BRDA:23,0,0,12
BRDA:24,1,0,0
BRDA:30,2,0,12
BRDA:54,3,0,12
BRDA:56,4,0,0
BRDA:66,5,0,0
BRF:6
BRH:3
end_of_record
TN:
SF:src/components/atoms/input.tsx
FN:8,_styledcomponents.default.select.withConfig.componentId
FN:11,_styledcomponents.default.select.withConfig.componentId
FN:12,_styledcomponents.default.select.withConfig.componentId
FNF:3
FNH:3
FNDA:14,_styledcomponents.default.select.withConfig.componentId
FNDA:14,_styledcomponents.default.select.withConfig.componentId
FNDA:14,_styledcomponents.default.select.withConfig.componentId
DA:1,1
DA:2,1
DA:3,1
DA:4,1
DA:5,1
DA:6,1
DA:7,1
DA:8,1
DA:9,1
DA:10,1
DA:11,1
DA:12,1
DA:13,1
DA:14,1
DA:15,1
DA:16,1
DA:17,1
DA:18,1
DA:19,1
DA:20,1
DA:21,1
DA:22,1
DA:23,1
DA:24,1
DA:25,1
DA:26,1
DA:27,1
DA:28,1
DA:29,1
DA:30,1
DA:31,1
DA:32,1
DA:33,1
DA:34,1
DA:35,1
DA:36,1
DA:37,1
DA:38,1
DA:39,1
DA:40,1
DA:41,1
DA:42,1
DA:43,1
DA:44,1
DA:45,1
DA:46,1
DA:47,1
DA:48,1
DA:49,1
DA:50,1
DA:51,1
DA:52,1
DA:53,1
DA:54,1
DA:55,1
LF:55
LH:55
BRDA:8,0,0,14
BRDA:11,1,0,14
BRDA:12,2,0,14
BRDA:17,3,0,14
BRDA:21,4,0,14
BRDA:38,5,0,14
BRDA:41,6,0,14
BRDA:42,7,0,14
BRDA:48,8,0,14
BRDA:52,9,0,14
BRDA:53,10,0,14
BRF:11
BRH:11
end_of_record
TN:
SF:src/components/atoms/rating.tsx
FN:29,Rating
FNF:1
FNH:1
FNDA:12,Rating
DA:1,1
DA:2,1
DA:3,1
DA:4,1
DA:5,1
DA:6,1
DA:7,1
DA:8,1
DA:9,1
DA:10,1
DA:11,1
DA:12,1
DA:13,1
DA:14,1
DA:15,1
DA:16,1
DA:17,1
DA:18,1
DA:19,1
DA:20,1
DA:21,1
DA:22,1
DA:23,1
DA:24,1
DA:25,1
DA:26,1
DA:27,1
DA:28,1
DA:29,1
DA:30,12
DA:31,12
DA:32,12
DA:33,12
DA:34,12
DA:35,12
DA:36,12
DA:37,12
DA:38,12
DA:39,12
DA:40,12
DA:41,12
DA:42,12
LF:42
LH:42
BRDA:13,0,0,60
BRDA:13,1,0,48
BRDA:13,2,0,12
BRDA:29,3,0,12
BRDA:30,4,0,60
BRF:5
BRH:5
end_of_record
TN:
SF:src/components/atoms/typography.tsx
FNF:0
FNH:0
DA:1,1
DA:2,1
DA:3,1
DA:4,1
DA:5,1
DA:6,1
DA:7,1
DA:8,1
DA:9,1
DA:10,1
DA:11,1
DA:12,1
DA:13,1
DA:14,1
DA:15,1
DA:16,1
DA:17,1
DA:18,1
DA:19,1
DA:20,1
DA:21,1
DA:22,1
DA:23,1
DA:24,1
DA:25,1
DA:26,1
DA:27,1
DA:28,1
DA:29,1
DA:30,1
DA:31,1
DA:32,1
DA:33,1
DA:34,1
DA:35,1
DA:36,1
DA:37,1
DA:38,1
DA:39,1
DA:40,1
DA:41,1
DA:42,1
DA:43,1
DA:44,1
DA:45,1
DA:46,1
DA:47,1
LF:47
LH:47
BRDA:10,0,0,4
BRDA:12,1,0,4
BRDA:41,2,0,12
BRDA:46,3,0,12
BRF:4
BRH:4
end_of_record
TN:
SF:src/components/molecules/product-list/filter.tsx
FN:16,_styledcomponents.default.div.withConfig.componentId
FN:74,Filters
FN:77,handleFilterChange
FN:84,getCategoryTranslation
FN:132,onChange
FN:145,onChange
FN:162,onChange
FN:171,onChange
FNF:8
FNH:8
FNDA:7,_styledcomponents.default.div.withConfig.componentId
FNDA:7,Filters
FNDA:16,handleFilterChange
FNDA:21,getCategoryTranslation
FNDA:1,onChange
FNDA:1,onChange
FNDA:1,onChange
FNDA:1,onChange
DA:1,1
DA:2,1
DA:3,1
DA:4,1
DA:5,1
DA:6,1
DA:7,1
DA:8,1
DA:9,1
DA:10,1
DA:11,1
DA:12,1
DA:13,1
DA:14,1
DA:15,1
DA:16,1
DA:17,1
DA:18,1
DA:19,1
DA:20,1
DA:21,1
DA:22,1
DA:23,1
DA:24,1
DA:25,1
DA:26,1
DA:27,1
DA:28,1
DA:29,1
DA:30,1
DA:31,1
DA:32,1
DA:33,1
DA:34,1
DA:35,1
DA:36,1
DA:37,1
DA:38,1
DA:39,1
DA:40,1
DA:41,1
DA:42,1
DA:43,1
DA:44,1
DA:45,1
DA:46,1
DA:47,1
DA:48,1
DA:49,1
DA:50,1
DA:51,1
DA:52,1
DA:53,1
DA:54,1
DA:55,1
DA:56,1
DA:57,1
DA:58,1
DA:59,1
DA:60,1
DA:61,1
DA:62,1
DA:63,1
DA:64,1
DA:65,1
DA:66,1
DA:67,1
DA:68,1
DA:69,1
DA:70,1
DA:71,1
DA:72,1
DA:73,1
DA:74,1
DA:75,7
DA:76,7
DA:77,7
DA:78,16
DA:79,16
DA:80,16
DA:81,16
DA:82,16
DA:83,7
DA:84,7
DA:85,21
DA:86,21
DA:87,21
DA:88,21
DA:89,7
DA:90,7
DA:91,7
DA:92,7
DA:93,7
DA:94,7
DA:95,5
DA:96,5
DA:97,5
DA:98,5
DA:99,0
DA:100,0
DA:101,5
DA:102,7
DA:103,7
DA:104,7
DA:105,7
DA:106,7
DA:107,7
DA:108,7
DA:109,7
DA:110,7
DA:111,7
DA:112,7
DA:113,7
DA:114,7
DA:115,7
DA:116,7
DA:117,7
DA:118,7
DA:119,7
DA:120,7
DA:121,7
DA:122,7
DA:123,7
DA:124,7
DA:125,7
DA:126,7
DA:127,7
DA:128,7
DA:129,7
DA:130,7
DA:131,7
DA:132,7
DA:133,7
DA:134,7
DA:135,7
DA:136,7
DA:137,7
DA:138,7
DA:139,7
DA:140,7
DA:141,7
DA:142,7
DA:143,7
DA:144,7
DA:145,7
DA:146,7
DA:147,7
DA:148,7
DA:149,7
DA:150,7
DA:151,7
DA:152,7
DA:153,7
DA:154,7
DA:155,7
DA:156,7
DA:157,7
DA:158,7
DA:159,7
DA:160,7
DA:161,7
DA:162,7
DA:163,1
DA:164,7
DA:165,7
DA:166,7
DA:167,7
DA:168,7
DA:169,7
DA:170,7
DA:171,7
DA:172,1
DA:173,7
DA:174,7
DA:175,7
DA:176,7
DA:177,7
DA:178,7
DA:179,7
DA:180,7
DA:181,7
DA:182,7
DA:183,7
DA:184,7
DA:185,7
LF:185
LH:183
BRDA:16,0,0,7
BRDA:17,1,0,7
BRDA:21,2,0,7
BRDA:32,3,0,21
BRDA:43,4,0,7
BRDA:54,5,0,21
BRDA:74,6,0,7
BRDA:90,7,0,0
BRDA:91,8,0,0
BRDA:131,9,0,0
BRDA:145,10,0,0
BRDA:77,11,0,16
BRDA:80,12,0,0
BRDA:84,13,0,21
BRDA:87,14,0,7
BRDA:87,15,0,14
BRDA:94,16,0,5
BRDA:98,17,0,0
BRDA:101,18,0,0
BRDA:105,19,0,7
BRDA:108,20,0,0
BRDA:115,21,0,7
BRDA:118,22,0,0
BRDA:132,23,0,1
BRDA:132,24,0,0
BRDA:135,25,0,21
BRDA:145,26,0,1
BRDA:162,27,0,1
BRDA:163,28,0,0
BRDA:171,29,0,1
BRDA:172,30,0,0
BRF:31
BRH:19
end_of_record
TN:
SF:src/components/molecules/product-list/pagination.tsx
FN:28,Pagination
FN:40,onClick
FN:48,onClick
FNF:3
FNH:3
FNDA:5,Pagination
FNDA:1,onClick
FNDA:1,onClick
DA:1,1
DA:2,1
DA:3,1
DA:4,1
DA:5,1
DA:6,1
DA:7,1
DA:8,1
DA:9,1
DA:10,1
DA:11,1
DA:12,1
DA:13,1
DA:14,1
DA:15,1
DA:16,1
DA:17,1
DA:18,1
DA:19,1
DA:20,1
DA:21,1
DA:22,1
DA:23,1
DA:24,1
DA:25,1
DA:26,1
DA:27,1
DA:28,1
DA:29,5
DA:30,5
DA:31,5
DA:32,5
DA:33,5
DA:34,5
DA:35,5
DA:36,4
DA:37,4
DA:38,4
DA:39,4
DA:40,4
DA:41,4
DA:42,4
DA:43,4
DA:44,4
DA:45,4
DA:46,4
DA:47,4
DA:48,4
DA:49,4
DA:50,4
DA:51,4
DA:52,4
DA:53,4
LF:53
LH:53
BRDA:17,0,0,4
BRDA:28,1,0,5
BRDA:35,2,0,1
BRDA:35,3,0,4
BRDA:40,4,0,1
BRDA:48,5,0,1
BRF:6
BRH:6
end_of_record
TN:
SF:src/components/molecules/product-list/product-card.tsx
FN:17,_styledcomponents.default.div.withConfig.componentId
FN:19,_styledcomponents.default.div.withConfig.componentId
FN:64,ProductCard
FN:70,handleAddToCart
FN:77,getCategoryTranslation
FNF:5
FNH:5
FNDA:12,_styledcomponents.default.div.withConfig.componentId
FNDA:12,_styledcomponents.default.div.withConfig.componentId
FNDA:12,ProductCard
FNDA:1,handleAddToCart
FNDA:12,getCategoryTranslation
DA:1,1
DA:2,1
DA:3,1
DA:4,1
DA:5,1
DA:6,1
DA:7,1
DA:8,1
DA:9,1
DA:10,1
DA:11,1
DA:12,1
DA:13,1
DA:14,1
DA:15,1
DA:16,1
DA:17,1
DA:18,1
DA:19,1
DA:20,1
DA:21,1
DA:22,1
DA:23,1
DA:24,1
DA:25,1
DA:26,1
DA:27,1
DA:28,1
DA:29,1
DA:30,1
DA:31,1
DA:32,1
DA:33,1
DA:34,1
DA:35,1
DA:36,1
DA:37,1
DA:38,1
DA:39,1
DA:40,1
DA:41,1
DA:42,1
DA:43,1
DA:44,1
DA:45,1
DA:46,1
DA:47,1
DA:48,1
DA:49,1
DA:50,1
DA:51,1
DA:52,1
DA:53,1
DA:54,1
DA:55,1
DA:56,1
DA:57,1
DA:58,1
DA:59,1
DA:60,1
DA:61,1
DA:62,1
DA:63,1
DA:64,1
DA:65,12
DA:66,12
DA:67,12
DA:68,12
DA:69,12
DA:70,12
DA:71,1
DA:72,1
DA:73,1
DA:74,1
DA:75,1
DA:76,12
DA:77,12
DA:78,12
DA:79,12
DA:80,12
DA:81,12
DA:82,12
DA:83,12
DA:84,12
DA:85,12
DA:86,12
DA:87,12
DA:88,12
DA:89,12
DA:90,12
DA:91,12
DA:92,12
DA:93,12
DA:94,12
DA:95,12
DA:96,12
DA:97,12
DA:98,12
DA:99,12
DA:100,12
DA:101,12
DA:102,12
DA:103,12
DA:104,12
DA:105,12
DA:106,12
DA:107,12
DA:108,12
DA:109,12
DA:110,12
DA:111,12
DA:112,12
DA:113,12
DA:114,12
LF:114
LH:114
BRDA:17,0,0,12
BRDA:19,1,0,12
BRDA:22,2,0,12
BRDA:25,3,0,12
BRDA:33,4,0,12
BRDA:52,5,0,12
BRDA:64,6,0,12
BRDA:88,7,0,2
BRDA:70,8,0,1
BRDA:77,9,0,12
BRDA:80,10,0,0
BRF:11
BRH:10
end_of_record
TN:
SF:src/components/molecules/product-list/search.tsx
FN:34,SearchBar
FN:36,handleKeyPress
FN:47,onChange
FNF:3
FNH:3
FNDA:4,SearchBar
FNDA:1,handleKeyPress
FNDA:1,onChange
DA:1,1
DA:2,1
DA:3,1
DA:4,1
DA:5,1
DA:6,1
DA:7,1
DA:8,1
DA:9,1
DA:10,1
DA:11,1
DA:12,1
DA:13,1
DA:14,1
DA:15,1
DA:16,1
DA:17,1
DA:18,1
DA:19,1
DA:20,1
DA:21,1
DA:22,1
DA:23,1
DA:24,1
DA:25,1
DA:26,1
DA:27,1
DA:28,1
DA:29,1
DA:30,1
DA:31,1
DA:32,1
DA:33,1
DA:34,1
DA:35,4
DA:36,4
DA:37,1
DA:38,1
DA:39,1
DA:40,1
DA:41,4
DA:42,4
DA:43,4
DA:44,4
DA:45,4
DA:46,4
DA:47,4
DA:48,4
DA:49,4
DA:50,4
DA:51,4
DA:52,4
DA:53,4
DA:54,4
LF:54
LH:54
BRDA:17,0,0,4
BRDA:34,1,0,4
BRDA:49,2,0,3
BRDA:36,3,0,1
BRDA:47,4,0,1
BRF:5
BRH:5
end_of_record
TN:
SF:src/components/pages/product-detail.tsx
FN:29,_styledcomponents.default.div.withConfig.componentId
FN:82,ProductDetail
FN:89,handleAddToCart
FN:94,getCategoryTranslation
FNF:4
FNH:4
FNDA:4,_styledcomponents.default.div.withConfig.componentId
FNDA:4,ProductDetail
FNDA:1,handleAddToCart
FNDA:4,getCategoryTranslation
DA:1,1
DA:2,1
DA:3,1
DA:4,1
DA:5,1
DA:6,1
DA:7,1
DA:8,1
DA:9,1
DA:10,1
DA:11,1
DA:12,1
DA:13,1
DA:14,1
DA:15,1
DA:16,1
DA:17,1
DA:18,1
DA:19,1
DA:20,1
DA:21,1
DA:22,1
DA:23,1
DA:24,1
DA:25,1
DA:26,1
DA:27,1
DA:28,1
DA:29,1
DA:30,1
DA:31,1
DA:32,1
DA:33,1
DA:34,1
DA:35,1
DA:36,1
DA:37,1
DA:38,1
DA:39,1
DA:40,1
DA:41,1
DA:42,1
DA:43,1
DA:44,1
DA:45,1
DA:46,1
DA:47,1
DA:48,1
DA:49,1
DA:50,1
DA:51,1
DA:52,1
DA:53,1
DA:54,1
DA:55,1
DA:56,1
DA:57,1
DA:58,1
DA:59,1
DA:60,1
DA:61,1
DA:62,1
DA:63,1
DA:64,1
DA:65,1
DA:66,1
DA:67,1
DA:68,1
DA:69,1
DA:70,1
DA:71,1
DA:72,1
DA:73,1
DA:74,1
DA:75,1
DA:76,1
DA:77,1
DA:78,1
DA:79,1
DA:80,1
DA:81,1
DA:82,1
DA:83,4
DA:84,4
DA:85,4
DA:86,4
DA:87,4
DA:88,4
DA:89,4
DA:90,1
DA:91,1
DA:92,1
DA:93,4
DA:94,4
DA:95,4
DA:96,4
DA:97,4
DA:98,4
DA:99,4
DA:100,4
DA:101,4
DA:102,4
DA:103,4
DA:104,4
DA:105,4
DA:106,4
DA:107,4
DA:108,4
DA:109,4
DA:110,4
DA:111,4
DA:112,4
DA:113,4
DA:114,4
DA:115,4
DA:116,4
DA:117,4
DA:118,4
DA:119,4
DA:120,4
DA:121,4
DA:122,4
DA:123,4
DA:124,4
DA:125,4
DA:126,4
DA:127,4
DA:128,4
DA:129,4
DA:130,4
DA:131,4
DA:132,4
DA:133,4
DA:134,4
DA:135,4
LF:135
LH:135
BRDA:19,0,0,4
BRDA:29,1,0,4
BRDA:30,2,0,4
BRDA:34,3,0,4
BRDA:43,4,0,4
BRDA:46,5,0,4
BRDA:47,6,0,4
BRDA:53,7,0,4
BRDA:60,8,0,4
BRDA:82,9,0,4
BRDA:105,10,0,0
BRDA:89,11,0,1
BRDA:94,12,0,4
BRDA:97,13,0,0
BRF:14
BRH:12
end_of_record
TN:
SF:src/contexts/cart-context.tsx
FN:31,cartReducer
FN:96,CartProvider
FN:120,addItem
FN:124,removeItem
FN:128,updateQuantity
FN:133,clearCart
FN:152,useCart
FNF:7
FNH:7
FNDA:6,cartReducer
FNDA:12,CartProvider
FNDA:1,addItem
FNDA:1,removeItem
FNDA:1,updateQuantity
FNDA:1,clearCart
FNDA:12,useCart
DA:1,1
DA:2,1
DA:3,1
DA:4,1
DA:5,1
DA:6,1
DA:7,1
DA:8,1
DA:9,1
DA:10,1
DA:11,1
DA:12,1
DA:13,1
DA:14,1
DA:15,1
DA:16,1
DA:17,1
DA:18,1
DA:19,1
DA:20,1
DA:21,1
DA:22,1
DA:23,1
DA:24,1
DA:25,1
DA:26,1
DA:27,1
DA:28,1
DA:29,1
DA:30,1
DA:31,6
DA:32,6
DA:33,6
DA:34,1
DA:35,1
DA:36,1
DA:37,1
DA:38,0
DA:39,0
DA:40,0
DA:41,1
DA:42,1
DA:43,1
DA:44,1
DA:45,1
DA:46,1
DA:47,1
DA:48,1
DA:49,1
DA:50,1
DA:51,6
DA:52,6
DA:53,0
DA:54,0
DA:55,0
DA:56,0
DA:57,0
DA:58,0
DA:59,0
DA:60,6
DA:61,6
DA:62,0
DA:63,0
DA:64,1
DA:65,0
DA:66,0
DA:67,0
DA:68,0
DA:69,0
DA:70,0
DA:71,0
DA:72,0
DA:73,0
DA:74,6
DA:75,6
DA:76,0
DA:77,0
DA:78,0
DA:79,0
DA:80,0
DA:81,6
DA:82,6
DA:83,5
DA:84,5
DA:85,5
DA:86,5
DA:87,5
DA:88,5
DA:89,5
DA:90,6
DA:91,6
DA:92,0
DA:93,6
DA:94,6
DA:95,1
DA:96,1
DA:97,12
DA:98,12
DA:99,12
DA:100,12
DA:101,12
DA:102,12
DA:103,12
DA:104,12
DA:105,6
DA:106,6
DA:107,5
DA:108,5
DA:109,5
DA:110,5
DA:111,0
DA:112,0
DA:113,5
DA:114,12
DA:115,12
DA:116,12
DA:117,12
DA:118,12
DA:119,12
DA:120,12
DA:121,1
DA:122,1
DA:123,12
DA:124,12
DA:125,1
DA:126,1
DA:127,12
DA:128,12
DA:129,1
DA:130,1
DA:131,1
DA:132,12
DA:133,12
DA:134,1
DA:135,1
DA:136,12
DA:137,12
DA:138,12
DA:139,12
DA:140,12
DA:141,12
DA:142,12
DA:143,12
DA:144,12
DA:145,12
DA:146,12
DA:147,12
DA:148,12
DA:149,12
DA:150,12
DA:151,1
DA:152,1
DA:153,12
DA:154,12
DA:155,0
DA:156,0
DA:157,12
DA:158,12
LF:158
LH:127
BRDA:31,0,0,6
BRDA:33,1,0,1
BRDA:37,2,0,0
BRDA:52,3,0,0
BRDA:61,4,0,0
BRDA:75,5,0,0
BRDA:82,6,0,5
BRDA:91,7,0,0
BRDA:47,8,0,1
BRDA:48,9,0,1
BRDA:53,10,0,1
BRDA:63,11,0,1
BRDA:64,12,0,0
BRDA:66,13,0,1
BRDA:70,14,0,1
BRDA:71,15,0,1
BRDA:86,16,0,2
BRDA:87,17,0,2
BRDA:96,18,0,12
BRDA:104,19,0,6
BRDA:106,20,0,5
BRDA:110,21,0,0
BRDA:116,22,0,12
BRDA:120,23,0,1
BRDA:124,24,0,1
BRDA:128,25,0,1
BRDA:133,26,0,1
BRDA:152,27,0,12
BRDA:154,28,0,0
BRF:29
BRH:21
end_of_record
TN:
SF:src/contexts/theme-context.tsx
FN:93,CustomThemeProvider
FN:109,toggleTheme
FN:122,useTheme
FNF:3
FNH:3
FNDA:6,CustomThemeProvider
FNDA:2,toggleTheme
FNDA:8,useTheme
DA:1,1
DA:2,1
DA:3,1
DA:4,1
DA:5,1
DA:6,1
DA:7,1
DA:8,1
DA:9,1
DA:10,1
DA:11,1
DA:12,1
DA:13,1
DA:14,1
DA:15,1
DA:16,1
DA:17,1
DA:18,1
DA:19,1
DA:20,1
DA:21,1
DA:22,1
DA:23,1
DA:24,1
DA:25,1
DA:26,1
DA:27,1
DA:28,1
DA:29,1
DA:30,1
DA:31,1
DA:32,1
DA:33,1
DA:34,1
DA:35,1
DA:36,1
DA:37,1
DA:38,1
DA:39,1
DA:40,1
DA:41,1
DA:42,1
DA:43,1
DA:44,1
DA:45,1
DA:46,1
DA:47,1
DA:48,1
DA:49,1
DA:50,1
DA:51,1
DA:52,1
DA:53,1
DA:54,1
DA:55,1
DA:56,1
DA:57,1
DA:58,1
DA:59,1
DA:60,1
DA:61,1
DA:62,1
DA:63,1
DA:64,1
DA:65,1
DA:66,1
DA:67,1
DA:68,1
DA:69,1
DA:70,1
DA:71,1
DA:72,1
DA:73,1
DA:74,1
DA:75,1
DA:76,1
DA:77,1
DA:78,1
DA:79,1
DA:80,1
DA:81,1
DA:82,1
DA:83,1
DA:84,1
DA:85,1
DA:86,1
DA:87,1
DA:88,1
DA:89,1
DA:90,1
DA:91,1
DA:92,1
DA:93,1
DA:94,6
DA:95,6
DA:96,6
DA:97,6
DA:98,6
DA:99,6
DA:100,0
DA:101,0
DA:102,6
DA:103,6
DA:104,6
DA:105,6
DA:106,6
DA:107,6
DA:108,6
DA:109,6
DA:110,2
DA:111,2
DA:112,6
DA:113,6
DA:114,6
DA:115,6
DA:116,6
DA:117,6
DA:118,6
DA:119,6
DA:120,6
DA:121,1
DA:122,1
DA:123,8
DA:124,8
DA:125,0
DA:126,0
DA:127,8
DA:128,8
LF:128
LH:124
BRDA:93,0,0,6
BRDA:113,1,0,0
BRDA:96,2,0,6
BRDA:99,3,0,0
BRDA:104,4,0,6
BRDA:105,5,0,0
BRDA:106,6,0,0
BRDA:109,7,0,2
BRDA:122,8,0,8
BRDA:124,9,0,0
BRF:10
BRH:5
end_of_record
